<?xml version="1.0" encoding="UTF-8"?>
<coverage generated="1698421617526" clover="3.2.0">
  <project timestamp="1698421617526" name="All files">
    <metrics statements="48" coveredstatements="48" conditionals="25" coveredconditionals="25" methods="20" coveredmethods="20" elements="93" coveredelements="93" complexity="0" loc="48" ncloc="48" packages="1" files="2" classes="2"/>
    <file name="fields.ts" path="/Users/ktachizaki/repos/atelier/micrcoms-schema-toolkit/packages/microcms-schema-gen/src/fields.ts">
      <metrics statements="47" coveredstatements="47" conditionals="24" coveredconditionals="24" methods="19" coveredmethods="19"/>
      <line num="55" count="1" type="stmt"/>
      <line num="58" count="3" type="stmt"/>
      <line num="59" count="3" type="stmt"/>
      <line num="60" count="3" type="stmt"/>
      <line num="111" count="1" type="stmt"/>
      <line num="114" count="3" type="stmt"/>
      <line num="115" count="3" type="stmt"/>
      <line num="171" count="1" type="stmt"/>
      <line num="174" count="2" type="stmt"/>
      <line num="175" count="2" type="stmt"/>
      <line num="180" count="2" type="stmt"/>
      <line num="189" count="1" type="stmt"/>
      <line num="217" count="1" type="stmt"/>
      <line num="220" count="2" type="stmt"/>
      <line num="221" count="2" type="stmt"/>
      <line num="266" count="1" type="stmt"/>
      <line num="269" count="2" type="stmt"/>
      <line num="270" count="2" type="stmt"/>
      <line num="295" count="1" type="stmt"/>
      <line num="298" count="2" type="stmt"/>
      <line num="320" count="1" type="stmt"/>
      <line num="323" count="2" type="stmt"/>
      <line num="324" count="2" type="stmt"/>
      <line num="352" count="1" type="stmt"/>
      <line num="355" count="9" type="stmt"/>
      <line num="356" count="9" type="stmt"/>
      <line num="357" count="15" type="stmt"/>
      <line num="362" count="9" type="stmt"/>
      <line num="369" count="15" type="stmt"/>
      <line num="370" count="2" type="stmt"/>
      <line num="383" count="1" type="stmt"/>
      <line num="386" count="2" type="stmt"/>
      <line num="414" count="1" type="stmt"/>
      <line num="417" count="2" type="stmt"/>
      <line num="418" count="2" type="stmt"/>
      <line num="445" count="1" type="stmt"/>
      <line num="448" count="2" type="stmt"/>
      <line num="479" count="1" type="stmt"/>
      <line num="482" count="2" type="stmt"/>
      <line num="483" count="2" type="stmt"/>
      <line num="507" count="1" type="stmt"/>
      <line num="510" count="2" type="stmt"/>
      <line num="545" count="1" type="stmt"/>
      <line num="548" count="2" type="stmt"/>
      <line num="549" count="2" type="stmt"/>
      <line num="584" count="1" type="stmt"/>
      <line num="587" count="1" type="stmt"/>
    </file>
    <file name="utils.ts" path="/Users/ktachizaki/repos/atelier/micrcoms-schema-toolkit/packages/microcms-schema-gen/src/utils.ts">
      <metrics statements="1" coveredstatements="1" conditionals="1" coveredconditionals="1" methods="1" coveredmethods="1"/>
      <line num="6" count="19" type="stmt"/>
    </file>
  </project>
</coverage>
