{"/Users/ktachizaki/repos/atelier/micrcoms-schema-toolkit/packages/microcms-schema-gen/src/fields.ts": {"path":"/Users/ktachizaki/repos/atelier/micrcoms-schema-toolkit/packages/microcms-schema-gen/src/fields.ts","statementMap":{"0":{"start":{"line":55,"column":24},"end":{"line":84,"column":null}},"1":{"start":{"line":58,"column":18},"end":{"line":58,"column":null}},"2":{"start":{"line":59,"column":29},"end":{"line":59,"column":null}},"3":{"start":{"line":60,"column":2},"end":{"line":83,"column":null}},"4":{"start":{"line":111,"column":28},"end":{"line":137,"column":null}},"5":{"start":{"line":114,"column":29},"end":{"line":114,"column":null}},"6":{"start":{"line":115,"column":2},"end":{"line":136,"column":null}},"7":{"start":{"line":171,"column":32},"end":{"line":195,"column":null}},"8":{"start":{"line":174,"column":51},"end":{"line":174,"column":null}},"9":{"start":{"line":175,"column":59},"end":{"line":179,"column":null}},"10":{"start":{"line":180,"column":2},"end":{"line":194,"column":null}},"11":{"start":{"line":189,"column":6},"end":{"line":192,"column":null}},"12":{"start":{"line":217,"column":25},"end":{"line":235,"column":null}},"13":{"start":{"line":220,"column":19},"end":{"line":220,"column":null}},"14":{"start":{"line":221,"column":2},"end":{"line":234,"column":null}},"15":{"start":{"line":266,"column":29},"end":{"line":285,"column":null}},"16":{"start":{"line":269,"column":27},"end":{"line":269,"column":null}},"17":{"start":{"line":270,"column":2},"end":{"line":284,"column":null}},"18":{"start":{"line":295,"column":24},"end":{"line":305,"column":null}},"19":{"start":{"line":298,"column":2},"end":{"line":304,"column":null}},"20":{"start":{"line":320,"column":27},"end":{"line":331,"column":null}},"21":{"start":{"line":323,"column":27},"end":{"line":323,"column":null}},"22":{"start":{"line":324,"column":2},"end":{"line":330,"column":null}},"23":{"start":{"line":352,"column":26},"end":{"line":373,"column":null}},"24":{"start":{"line":355,"column":60},"end":{"line":355,"column":null}},"25":{"start":{"line":356,"column":22},"end":{"line":361,"column":null}},"26":{"start":{"line":357,"column":4},"end":{"line":360,"column":null}},"27":{"start":{"line":362,"column":2},"end":{"line":372,"column":null}},"28":{"start":{"line":369,"column":24},"end":{"line":369,"column":64}},"29":{"start":{"line":370,"column":21},"end":{"line":370,"column":28}},"30":{"start":{"line":383,"column":24},"end":{"line":392,"column":null}},"31":{"start":{"line":386,"column":2},"end":{"line":391,"column":null}},"32":{"start":{"line":414,"column":26},"end":{"line":432,"column":null}},"33":{"start":{"line":417,"column":20},"end":{"line":417,"column":null}},"34":{"start":{"line":418,"column":2},"end":{"line":431,"column":null}},"35":{"start":{"line":445,"column":28},"end":{"line":454,"column":null}},"36":{"start":{"line":448,"column":2},"end":{"line":453,"column":null}},"37":{"start":{"line":479,"column":32},"end":{"line":497,"column":null}},"38":{"start":{"line":482,"column":20},"end":{"line":482,"column":null}},"39":{"start":{"line":483,"column":2},"end":{"line":496,"column":null}},"40":{"start":{"line":507,"column":26},"end":{"line":517,"column":null}},"41":{"start":{"line":510,"column":2},"end":{"line":516,"column":null}},"42":{"start":{"line":545,"column":28},"end":{"line":564,"column":null}},"43":{"start":{"line":548,"column":20},"end":{"line":548,"column":null}},"44":{"start":{"line":549,"column":2},"end":{"line":563,"column":null}},"45":{"start":{"line":584,"column":25},"end":{"line":594,"column":null}},"46":{"start":{"line":587,"column":2},"end":{"line":593,"column":null}}},"fnMap":{"0":{"name":"(anonymous_0)","decl":{"start":{"line":55,"column":24},"end":{"line":55,"column":null}},"loc":{"start":{"line":57,"column":28},"end":{"line":84,"column":null}}},"1":{"name":"(anonymous_1)","decl":{"start":{"line":111,"column":28},"end":{"line":111,"column":null}},"loc":{"start":{"line":113,"column":32},"end":{"line":137,"column":null}}},"2":{"name":"(anonymous_2)","decl":{"start":{"line":171,"column":32},"end":{"line":171,"column":null}},"loc":{"start":{"line":173,"column":36},"end":{"line":195,"column":null}}},"3":{"name":"(anonymous_3)","decl":{"start":{"line":188,"column":42},"end":{"line":188,"column":43}},"loc":{"start":{"line":188,"column":59},"end":{"line":193,"column":5}}},"4":{"name":"(anonymous_4)","decl":{"start":{"line":217,"column":25},"end":{"line":217,"column":null}},"loc":{"start":{"line":219,"column":29},"end":{"line":235,"column":null}}},"5":{"name":"(anonymous_5)","decl":{"start":{"line":266,"column":29},"end":{"line":266,"column":null}},"loc":{"start":{"line":268,"column":33},"end":{"line":285,"column":null}}},"6":{"name":"(anonymous_6)","decl":{"start":{"line":295,"column":24},"end":{"line":295,"column":null}},"loc":{"start":{"line":297,"column":28},"end":{"line":305,"column":null}}},"7":{"name":"(anonymous_7)","decl":{"start":{"line":320,"column":27},"end":{"line":320,"column":null}},"loc":{"start":{"line":322,"column":31},"end":{"line":331,"column":null}}},"8":{"name":"(anonymous_8)","decl":{"start":{"line":352,"column":26},"end":{"line":352,"column":null}},"loc":{"start":{"line":354,"column":30},"end":{"line":373,"column":null}}},"9":{"name":"(anonymous_9)","decl":{"start":{"line":356,"column":39},"end":{"line":356,"column":40}},"loc":{"start":{"line":356,"column":49},"end":{"line":361,"column":3}}},"10":{"name":"(anonymous_10)","decl":{"start":{"line":369,"column":14},"end":{"line":369,"column":15}},"loc":{"start":{"line":369,"column":24},"end":{"line":369,"column":64}}},"11":{"name":"(anonymous_11)","decl":{"start":{"line":370,"column":11},"end":{"line":370,"column":12}},"loc":{"start":{"line":370,"column":21},"end":{"line":370,"column":28}}},"12":{"name":"(anonymous_12)","decl":{"start":{"line":383,"column":24},"end":{"line":383,"column":null}},"loc":{"start":{"line":385,"column":28},"end":{"line":392,"column":null}}},"13":{"name":"(anonymous_13)","decl":{"start":{"line":414,"column":26},"end":{"line":414,"column":null}},"loc":{"start":{"line":416,"column":30},"end":{"line":432,"column":null}}},"14":{"name":"(anonymous_14)","decl":{"start":{"line":445,"column":28},"end":{"line":445,"column":null}},"loc":{"start":{"line":447,"column":32},"end":{"line":454,"column":null}}},"15":{"name":"(anonymous_15)","decl":{"start":{"line":479,"column":32},"end":{"line":479,"column":null}},"loc":{"start":{"line":481,"column":36},"end":{"line":497,"column":null}}},"16":{"name":"(anonymous_16)","decl":{"start":{"line":507,"column":26},"end":{"line":507,"column":null}},"loc":{"start":{"line":509,"column":30},"end":{"line":517,"column":null}}},"17":{"name":"(anonymous_17)","decl":{"start":{"line":545,"column":28},"end":{"line":545,"column":null}},"loc":{"start":{"line":547,"column":32},"end":{"line":564,"column":null}}},"18":{"name":"(anonymous_18)","decl":{"start":{"line":584,"column":25},"end":{"line":584,"column":null}},"loc":{"start":{"line":586,"column":30},"end":{"line":594,"column":null}}}},"branchMap":{"0":{"loc":{"start":{"line":67,"column":29},"end":{"line":74,"column":null}},"type":"cond-expr","locations":[{"start":{"line":68,"column":8},"end":{"line":73,"column":null}},{"start":{"line":74,"column":8},"end":{"line":74,"column":null}}]},"1":{"loc":{"start":{"line":75,"column":28},"end":{"line":82,"column":null}},"type":"cond-expr","locations":[{"start":{"line":76,"column":8},"end":{"line":81,"column":null}},{"start":{"line":82,"column":8},"end":{"line":82,"column":null}}]},"2":{"loc":{"start":{"line":79,"column":19},"end":{"line":79,"column":null}},"type":"cond-expr","locations":[{"start":{"line":79,"column":34},"end":{"line":79,"column":49}},{"start":{"line":79,"column":49},"end":{"line":79,"column":null}}]},"3":{"loc":{"start":{"line":120,"column":29},"end":{"line":127,"column":null}},"type":"cond-expr","locations":[{"start":{"line":121,"column":8},"end":{"line":126,"column":null}},{"start":{"line":127,"column":8},"end":{"line":127,"column":null}}]},"4":{"loc":{"start":{"line":128,"column":28},"end":{"line":135,"column":null}},"type":"cond-expr","locations":[{"start":{"line":129,"column":8},"end":{"line":134,"column":null}},{"start":{"line":135,"column":8},"end":{"line":135,"column":null}}]},"5":{"loc":{"start":{"line":132,"column":19},"end":{"line":132,"column":null}},"type":"cond-expr","locations":[{"start":{"line":132,"column":34},"end":{"line":132,"column":49}},{"start":{"line":132,"column":49},"end":{"line":132,"column":null}}]},"6":{"loc":{"start":{"line":185,"column":25},"end":{"line":187,"column":null}},"type":"cond-expr","locations":[{"start":{"line":186,"column":8},"end":{"line":186,"column":null}},{"start":{"line":187,"column":8},"end":{"line":187,"column":null}}]},"7":{"loc":{"start":{"line":226,"column":25},"end":{"line":233,"column":null}},"type":"cond-expr","locations":[{"start":{"line":227,"column":8},"end":{"line":232,"column":null}},{"start":{"line":233,"column":8},"end":{"line":233,"column":null}}]},"8":{"loc":{"start":{"line":275,"column":25},"end":{"line":282,"column":null}},"type":"cond-expr","locations":[{"start":{"line":276,"column":8},"end":{"line":281,"column":null}},{"start":{"line":282,"column":8},"end":{"line":282,"column":null}}]},"9":{"loc":{"start":{"line":423,"column":31},"end":{"line":430,"column":null}},"type":"cond-expr","locations":[{"start":{"line":424,"column":8},"end":{"line":429,"column":null}},{"start":{"line":430,"column":8},"end":{"line":430,"column":null}}]},"10":{"loc":{"start":{"line":488,"column":38},"end":{"line":495,"column":null}},"type":"cond-expr","locations":[{"start":{"line":489,"column":8},"end":{"line":494,"column":null}},{"start":{"line":495,"column":8},"end":{"line":495,"column":null}}]},"11":{"loc":{"start":{"line":555,"column":34},"end":{"line":562,"column":null}},"type":"cond-expr","locations":[{"start":{"line":556,"column":8},"end":{"line":561,"column":null}},{"start":{"line":562,"column":8},"end":{"line":562,"column":null}}]}},"s":{"0":1,"1":3,"2":3,"3":3,"4":1,"5":3,"6":3,"7":1,"8":2,"9":2,"10":2,"11":1,"12":1,"13":2,"14":2,"15":1,"16":2,"17":2,"18":1,"19":2,"20":1,"21":2,"22":2,"23":1,"24":9,"25":9,"26":15,"27":9,"28":15,"29":2,"30":1,"31":2,"32":1,"33":2,"34":2,"35":1,"36":2,"37":1,"38":2,"39":2,"40":1,"41":2,"42":1,"43":2,"44":2,"45":1,"46":1},"f":{"0":3,"1":3,"2":2,"3":1,"4":2,"5":2,"6":2,"7":2,"8":9,"9":15,"10":15,"11":2,"12":2,"13":2,"14":2,"15":2,"16":2,"17":2,"18":1},"b":{"0":[1,2],"1":[2,1],"2":[1,1],"3":[2,1],"4":[2,1],"5":[1,1],"6":[1,1],"7":[1,1],"8":[1,1],"9":[1,1],"10":[1,1],"11":[1,1]}}
,"/Users/ktachizaki/repos/atelier/micrcoms-schema-toolkit/packages/microcms-schema-gen/src/utils.ts": {"path":"/Users/ktachizaki/repos/atelier/micrcoms-schema-toolkit/packages/microcms-schema-gen/src/utils.ts","statementMap":{"0":{"start":{"line":6,"column":2},"end":{"line":8,"column":null}}},"fnMap":{"0":{"name":"generateId","decl":{"start":{"line":5,"column":16},"end":{"line":5,"column":27}},"loc":{"start":{"line":5,"column":48},"end":{"line":9,"column":null}}}},"branchMap":{"0":{"loc":{"start":{"line":5,"column":27},"end":{"line":5,"column":48}},"type":"default-arg","locations":[{"start":{"line":5,"column":44},"end":{"line":5,"column":48}}]}},"s":{"0":19},"f":{"0":19},"b":{"0":[19]}}
}
