{"total": {"lines":{"total":70,"covered":70,"skipped":0,"pct":100},"statements":{"total":70,"covered":70,"skipped":0,"pct":100},"functions":{"total":27,"covered":27,"skipped":0,"pct":100},"branches":{"total":28,"covered":28,"skipped":0,"pct":100},"branchesTrue":{"total":0,"covered":0,"skipped":0,"pct":"Unknown"}}
,"/Users/ktachizaki/repos/atelier/micrcoms-schema-toolkit/packages/microcms-schema-gen/src/fields.ts": {"lines":{"total":47,"covered":47,"skipped":0,"pct":100},"functions":{"total":19,"covered":19,"skipped":0,"pct":100},"statements":{"total":47,"covered":47,"skipped":0,"pct":100},"branches":{"total":24,"covered":24,"skipped":0,"pct":100}}
,"/Users/ktachizaki/repos/atelier/micrcoms-schema-toolkit/packages/microcms-schema-gen/src/schema.ts": {"lines":{"total":22,"covered":22,"skipped":0,"pct":100},"functions":{"total":7,"covered":7,"skipped":0,"pct":100},"statements":{"total":22,"covered":22,"skipped":0,"pct":100},"branches":{"total":3,"covered":3,"skipped":0,"pct":100}}
,"/Users/ktachizaki/repos/atelier/micrcoms-schema-toolkit/packages/microcms-schema-gen/src/utils.ts": {"lines":{"total":1,"covered":1,"skipped":0,"pct":100},"functions":{"total":1,"covered":1,"skipped":0,"pct":100},"statements":{"total":1,"covered":1,"skipped":0,"pct":100},"branches":{"total":1,"covered":1,"skipped":0,"pct":100}}
}
